<?xml version="1.0" encoding="UTF-8"?>
<!-- Generated by org.testng.reporters.JUnitReportReporter -->
<testsuite hostname="Assassin" name="com.crm.testscripts.AccountsScripts" tests="1" failures="0" timestamp="26 Nov 2019 05:52:03 GMT" time="4.945" errors="0">
  <testcase name="createcontacts" time="4.945" classname="com.crm.testscripts.AccountsScripts"/>
</testsuite> <!-- com.crm.testscripts.AccountsScripts -->
